{
  "0 debug pnpm:scope": {
    "selected": 1
  },
  "1 error pnpm": {
    "code": "ELIFECYCLE",
    "errno": "ENOENT",
    "syscall": "spawn",
    "file": "sh",
    "pkgid": "weather-server@0.0.1",
    "stage": "dev",
    "script": "ts-node-dev --transpile-only --quiet --exit-child -r @swc-node/register src/server.ts",
    "pkgname": "weather-server",
    "err": {
      "name": "pnpm",
      "message": "weather-server@0.0.1 dev: `ts-node-dev --transpile-only --quiet --exit-child -r @swc-node/register src/server.ts`\nspawn ENOENT",
      "code": "ELIFECYCLE",
      "stack": "pnpm: weather-server@0.0.1 dev: `ts-node-dev --transpile-only --quiet --exit-child -r @swc-node/register src/server.ts`\nspawn ENOENT\n    at ChildProcess.<anonymous> (/home/michal/.local/share/nvm/v16.15.0/lib/node_modules/pnpm/dist/pnpm.cjs:93466:22)\n    at ChildProcess.emit (node:events:527:28)\n    at maybeClose (node:internal/child_process:1092:16)\n    at Process.ChildProcess._handle.onexit (node:internal/child_process:302:5)"
    }
  },
  "2 warn pnpm:global": " Local package.json exists, but node_modules missing, did you mean to install?"
}